<?xml version="1.0" encoding="UTF-8"?>
<!-- Generated by org.testng.reporters.JUnitXMLReporter -->
<testsuite hostname="LAPTOP-5PTD3T23" name="Test" tests="3" failures="0" timestamp="6 Mar 2017 08:04:06 GMT" time="47.846" errors="0">
  <testcase name="testHomePage" time="23.14" classname="testcases.Verify_FlightResults"/>
  <testcase name="testHomePage" time="29.22" classname="testcases.Verify_HotelSearch"/>
  <testcase name="testHomePage" time="35.537" classname="testcases.Verify_FlightDetails"/>
</testsuite> <!-- Test -->
